2025-04-29 19:19:27 - numexpr.utils - INFO - NumExpr defaulting to 8 threads.
2025-04-29 19:19:27 - root - INFO - Using database configuration from db_config.ini
2025-04-29 19:19:27 - werkzeug - INFO - [31m[1mWARNING: This is a development server. Do not use it in a production deployment. Use a production WSGI server instead.[0m
 * Running on http://127.0.0.1:5002
2025-04-29 19:19:27 - werkzeug - INFO - [33mPress CTRL+C to quit[0m
2025-04-29 19:22:18 - numexpr.utils - INFO - NumExpr defaulting to 8 threads.
2025-04-29 19:22:19 - root - INFO - Using database configuration from db_config.ini
2025-04-29 19:22:19 - werkzeug - INFO - [31m[1mWARNING: This is a development server. Do not use it in a production deployment. Use a production WSGI server instead.[0m
 * Running on http://127.0.0.1:5002
2025-04-29 19:22:19 - werkzeug - INFO - [33mPress CTRL+C to quit[0m
2025-04-29 19:52:16 - numexpr.utils - INFO - NumExpr defaulting to 8 threads.
2025-04-29 19:52:16 - root - INFO - Using database configuration from db_config.ini
2025-04-29 19:52:16 - werkzeug - INFO - [31m[1mWARNING: This is a development server. Do not use it in a production deployment. Use a production WSGI server instead.[0m
 * Running on http://127.0.0.1:5002
2025-04-29 19:52:16 - werkzeug - INFO - [33mPress CTRL+C to quit[0m
2025-04-29 19:53:35 - root - INFO - Using database configuration from db_config.ini
2025-04-29 19:53:38 - werkzeug - INFO - 127.0.0.1 - - [29/Apr/2025 19:53:38] "GET / HTTP/1.1" 200 -
2025-04-29 19:53:38 - werkzeug - INFO - 127.0.0.1 - - [29/Apr/2025 19:53:38] "GET /static/logo.png HTTP/1.1" 200 -
2025-04-29 19:53:38 - root - INFO - Using database configuration from db_config.ini
2025-04-29 19:53:39 - werkzeug - INFO - 127.0.0.1 - - [29/Apr/2025 19:53:39] "[33mGET /favicon.ico HTTP/1.1[0m" 404 -
2025-04-29 19:53:41 - werkzeug - INFO - 127.0.0.1 - - [29/Apr/2025 19:53:41] "GET /api/properties HTTP/1.1" 200 -
2025-04-29 19:53:48 - werkzeug - INFO - 127.0.0.1 - - [29/Apr/2025 19:53:48] "GET /login HTTP/1.1" 200 -
2025-04-29 19:53:48 - werkzeug - INFO - 127.0.0.1 - - [29/Apr/2025 19:53:48] "[36mGET /static/logo.png HTTP/1.1[0m" 304 -
2025-04-29 19:53:55 - root - INFO - Using database configuration from db_config.ini
2025-04-29 19:53:57 - werkzeug - INFO - 127.0.0.1 - - [29/Apr/2025 19:53:57] "[32mPOST /login HTTP/1.1[0m" 302 -
2025-04-29 19:53:57 - root - INFO - Using database configuration from db_config.ini
2025-04-29 19:54:01 - werkzeug - INFO - 127.0.0.1 - - [29/Apr/2025 19:54:01] "GET / HTTP/1.1" 200 -
2025-04-29 19:54:01 - werkzeug - INFO - 127.0.0.1 - - [29/Apr/2025 19:54:01] "[36mGET /static/logo.png HTTP/1.1[0m" 304 -
2025-04-29 19:54:01 - root - INFO - Using database configuration from db_config.ini
2025-04-29 19:54:03 - werkzeug - INFO - 127.0.0.1 - - [29/Apr/2025 19:54:03] "GET /api/properties HTTP/1.1" 200 -
2025-04-29 19:54:13 - app - INFO - Reading shapefile from /Users/afzalkhan/prop_intelv3/spatial/Vic_LGA.shp
2025-04-29 19:54:13 - app - INFO - Shapefile read successfully with 82 features
2025-04-29 19:54:13 - app - INFO - Converting from GEOGCS["GCS_GDA2020",DATUM["Geocentric_Datum_of_Australia_2020",SPHEROID["GRS 1980",6378137,298.257222101,AUTHORITY["EPSG","7019"]],AUTHORITY["EPSG","1168"]],PRIMEM["Greenwich",0],UNIT["Degree",0.0174532925199433],AXIS["Longitude",EAST],AXIS["Latitude",NORTH]] to EPSG:4326
2025-04-29 19:54:14 - root - INFO - Using database configuration from db_config.ini
2025-04-29 19:54:16 - app - WARNING - Skipping row 80 with None geometry
2025-04-29 19:54:16 - app - WARNING - Skipping row 81 with None geometry
2025-04-29 19:54:16 - app - INFO - Generated 80 valid GeoJSON features
2025-04-29 19:54:17 - app - INFO - GeoJSON serialized with 80 features
2025-04-29 19:54:17 - werkzeug - INFO - 127.0.0.1 - - [29/Apr/2025 19:54:17] "GET /builders-hub HTTP/1.1" 200 -
2025-04-29 19:54:17 - werkzeug - INFO - 127.0.0.1 - - [29/Apr/2025 19:54:17] "[36mGET /static/logo.png HTTP/1.1[0m" 304 -
2025-04-29 19:54:17 - werkzeug - INFO - 127.0.0.1 - - [29/Apr/2025 19:54:17] "GET /static/js/lga_mapping.js HTTP/1.1" 200 -
2025-04-29 19:54:22 - werkzeug - INFO - 127.0.0.1 - - [29/Apr/2025 19:54:22] "GET /builders-hub?lga_geojson=true HTTP/1.1" 200 -
2025-04-29 19:54:32 - app - INFO - Created or verified documents directory: /Users/afzalkhan/prop_intelv3/static/documents
2025-04-29 19:54:35 - werkzeug - INFO - 127.0.0.1 - - [29/Apr/2025 19:54:35] "GET /document-upload HTTP/1.1" 200 -
2025-04-29 19:54:35 - werkzeug - INFO - 127.0.0.1 - - [29/Apr/2025 19:54:35] "[36mGET /static/logo.png HTTP/1.1[0m" 304 -
2025-04-29 19:54:39 - werkzeug - INFO - 127.0.0.1 - - [29/Apr/2025 19:54:39] "GET /builders-hub?lga_geojson=true HTTP/1.1" 200 -
2025-04-29 19:54:55 - werkzeug - INFO - 127.0.0.1 - - [29/Apr/2025 19:54:55] "GET /builders-hub?lga_geojson=true HTTP/1.1" 200 -
2025-04-29 19:55:11 - app - INFO - Created or verified documents directory: /Users/afzalkhan/prop_intelv3/static/documents
2025-04-29 19:55:14 - app - ERROR - Error uploading document: module 'datetime' has no attribute 'now'
2025-04-29 19:55:14 - app - ERROR - Traceback (most recent call last):
  File "/Users/afzalkhan/prop_intelv3/app.py", line 3378, in document_upload
    timestamp = datetime.now().strftime('%Y%m%d%H%M%S')
                ^^^^^^^^^^^^
AttributeError: module 'datetime' has no attribute 'now'

2025-04-29 19:55:14 - werkzeug - INFO - 127.0.0.1 - - [29/Apr/2025 19:55:14] "POST /document-upload HTTP/1.1" 200 -
2025-04-29 19:55:14 - werkzeug - INFO - 127.0.0.1 - - [29/Apr/2025 19:55:14] "[36mGET /static/logo.png HTTP/1.1[0m" 304 -
2025-04-29 19:55:18 - werkzeug - INFO - 127.0.0.1 - - [29/Apr/2025 19:55:18] "GET /builders-hub?lga_geojson=true HTTP/1.1" 200 -
2025-04-29 19:55:39 - root - INFO - Using database configuration from db_config.ini
2025-04-29 19:55:42 - __main__ - INFO - Found 12 real properties with coordinates
2025-04-29 19:55:42 - werkzeug - INFO - 127.0.0.1 - - [29/Apr/2025 19:55:42] "GET /map HTTP/1.1" 200 -
2025-04-29 19:55:42 - werkzeug - INFO - 127.0.0.1 - - [29/Apr/2025 19:55:42] "[36mGET /static/logo.png HTTP/1.1[0m" 304 -
2025-04-29 19:55:42 - werkzeug - INFO - 127.0.0.1 - - [29/Apr/2025 19:55:42] "[36mGET /static/js/lga_mapping.js HTTP/1.1[0m" 304 -
2025-04-29 19:55:50 - werkzeug - INFO - 127.0.0.1 - - [29/Apr/2025 19:55:50] "[33mGET /api/work-heatmap-data HTTP/1.1[0m" 404 -
2025-04-29 19:56:04 - werkzeug - INFO - 127.0.0.1 - - [29/Apr/2025 19:56:04] "GET /builders-hub?lga_geojson=true HTTP/1.1" 200 -
2025-04-29 19:56:11 - werkzeug - INFO - 127.0.0.1 - - [29/Apr/2025 19:56:11] "[33mGET /api/work-heatmap-data HTTP/1.1[0m" 404 -
2025-04-29 19:56:23 - root - INFO - Using database configuration from db_config.ini
2025-04-29 19:56:26 - werkzeug - INFO - 127.0.0.1 - - [29/Apr/2025 19:56:26] "GET /properties HTTP/1.1" 200 -
2025-04-29 19:56:26 - werkzeug - INFO - 127.0.0.1 - - [29/Apr/2025 19:56:26] "[36mGET /static/logo.png HTTP/1.1[0m" 304 -
2025-04-29 19:56:34 - app - INFO - Reading shapefile from /Users/afzalkhan/prop_intelv3/spatial/Vic_LGA.shp
2025-04-29 19:56:34 - app - INFO - Shapefile read successfully with 82 features
2025-04-29 19:56:34 - app - INFO - Converting from GEOGCS["GCS_GDA2020",DATUM["Geocentric_Datum_of_Australia_2020",SPHEROID["GRS 1980",6378137,298.257222101,AUTHORITY["EPSG","7019"]],AUTHORITY["EPSG","1168"]],PRIMEM["Greenwich",0],UNIT["Degree",0.0174532925199433],AXIS["Longitude",EAST],AXIS["Latitude",NORTH]] to EPSG:4326
2025-04-29 19:56:34 - root - INFO - Using database configuration from db_config.ini
2025-04-29 19:56:37 - app - WARNING - Skipping row 80 with None geometry
2025-04-29 19:56:37 - app - WARNING - Skipping row 81 with None geometry
2025-04-29 19:56:37 - app - INFO - Generated 80 valid GeoJSON features
2025-04-29 19:56:37 - app - INFO - GeoJSON serialized with 80 features
2025-04-29 19:56:37 - werkzeug - INFO - 127.0.0.1 - - [29/Apr/2025 19:56:37] "GET /builders-hub HTTP/1.1" 200 -
2025-04-29 19:56:37 - werkzeug - INFO - 127.0.0.1 - - [29/Apr/2025 19:56:37] "[36mGET /static/logo.png HTTP/1.1[0m" 304 -
2025-04-29 19:56:37 - werkzeug - INFO - 127.0.0.1 - - [29/Apr/2025 19:56:37] "[36mGET /static/js/lga_mapping.js HTTP/1.1[0m" 304 -
2025-04-29 19:56:43 - werkzeug - INFO - 127.0.0.1 - - [29/Apr/2025 19:56:43] "GET /builders-hub?lga_geojson=true HTTP/1.1" 200 -
2025-04-29 19:56:47 - root - INFO - Using database configuration from db_config.ini
2025-04-29 19:56:50 - werkzeug - INFO - 127.0.0.1 - - [29/Apr/2025 19:56:50] "GET /about HTTP/1.1" 200 -
2025-04-29 19:56:50 - werkzeug - INFO - 127.0.0.1 - - [29/Apr/2025 19:56:50] "[36mGET /static/logo.png HTTP/1.1[0m" 304 -
2025-04-29 19:56:55 - root - INFO - Using database configuration from db_config.ini
2025-04-29 19:56:59 - werkzeug - INFO - 127.0.0.1 - - [29/Apr/2025 19:56:59] "GET /user/profile HTTP/1.1" 200 -
2025-04-29 19:56:59 - werkzeug - INFO - 127.0.0.1 - - [29/Apr/2025 19:56:59] "[36mGET /static/logo.png HTTP/1.1[0m" 304 -
2025-04-29 19:57:12 - root - INFO - Using database configuration from db_config.ini
2025-04-29 19:57:15 - root - INFO - Using database configuration from db_config.ini
2025-04-29 19:57:18 - werkzeug - INFO - 127.0.0.1 - - [29/Apr/2025 19:57:18] "[32mPOST /user/settings HTTP/1.1[0m" 302 -
2025-04-29 19:57:18 - root - INFO - Using database configuration from db_config.ini
2025-04-29 19:57:21 - werkzeug - INFO - 127.0.0.1 - - [29/Apr/2025 19:57:21] "GET /user/profile HTTP/1.1" 200 -
2025-04-29 19:57:21 - werkzeug - INFO - 127.0.0.1 - - [29/Apr/2025 19:57:21] "[36mGET /static/logo.png HTTP/1.1[0m" 304 -
2025-04-29 19:57:24 - root - INFO - Using database configuration from db_config.ini
2025-04-29 19:57:27 - werkzeug - INFO - 127.0.0.1 - - [29/Apr/2025 19:57:27] "GET / HTTP/1.1" 200 -
2025-04-29 19:57:27 - werkzeug - INFO - 127.0.0.1 - - [29/Apr/2025 19:57:27] "[36mGET /static/logo.png HTTP/1.1[0m" 304 -
2025-04-29 19:57:27 - root - INFO - Using database configuration from db_config.ini
2025-04-29 19:57:30 - werkzeug - INFO - 127.0.0.1 - - [29/Apr/2025 19:57:30] "GET /api/properties HTTP/1.1" 200 -
2025-04-29 19:57:35 - root - INFO - Using database configuration from db_config.ini
2025-04-29 19:57:39 - werkzeug - INFO - 127.0.0.1 - - [29/Apr/2025 19:57:39] "GET /properties HTTP/1.1" 200 -
2025-04-29 19:57:39 - werkzeug - INFO - 127.0.0.1 - - [29/Apr/2025 19:57:39] "[36mGET /static/logo.png HTTP/1.1[0m" 304 -
2025-04-29 19:57:43 - root - INFO - Using database configuration from db_config.ini
2025-04-29 19:57:46 - __main__ - INFO - Found 12 real properties with coordinates
2025-04-29 19:57:46 - werkzeug - INFO - 127.0.0.1 - - [29/Apr/2025 19:57:46] "GET /map HTTP/1.1" 200 -
2025-04-29 19:57:46 - werkzeug - INFO - 127.0.0.1 - - [29/Apr/2025 19:57:46] "[36mGET /static/logo.png HTTP/1.1[0m" 304 -
2025-04-29 19:57:46 - werkzeug - INFO - 127.0.0.1 - - [29/Apr/2025 19:57:46] "[36mGET /static/js/lga_mapping.js HTTP/1.1[0m" 304 -
2025-04-29 19:58:01 - werkzeug - INFO - 127.0.0.1 - - [29/Apr/2025 19:58:01] "GET /analytics HTTP/1.1" 200 -
2025-04-29 19:58:01 - werkzeug - INFO - 127.0.0.1 - - [29/Apr/2025 19:58:01] "[36mGET /static/logo.png HTTP/1.1[0m" 304 -
2025-04-29 20:06:55 - werkzeug - INFO - 127.0.0.1 - - [29/Apr/2025 20:06:55] "GET /analytics HTTP/1.1" 200 -
2025-04-29 20:06:55 - werkzeug - INFO - 127.0.0.1 - - [29/Apr/2025 20:06:55] "[36mGET /static/logo.png HTTP/1.1[0m" 304 -
2025-04-29 20:07:11 - root - INFO - Using database configuration from db_config.ini
2025-04-29 20:07:20 - werkzeug - INFO - 127.0.0.1 - - [29/Apr/2025 20:07:20] "GET /property/27 HTTP/1.1" 200 -
2025-04-29 20:07:20 - werkzeug - INFO - 127.0.0.1 - - [29/Apr/2025 20:07:20] "GET /static/images/property-placeholder.jpg HTTP/1.1" 200 -
2025-04-29 20:07:20 - werkzeug - INFO - 127.0.0.1 - - [29/Apr/2025 20:07:20] "[36mGET /static/logo.png HTTP/1.1[0m" 304 -
2025-04-29 20:07:32 - app - INFO - Reading shapefile from /Users/afzalkhan/prop_intelv3/spatial/Vic_LGA.shp
2025-04-29 20:07:32 - app - INFO - Shapefile read successfully with 82 features
2025-04-29 20:07:32 - app - INFO - Converting from GEOGCS["GCS_GDA2020",DATUM["Geocentric_Datum_of_Australia_2020",SPHEROID["GRS 1980",6378137,298.257222101,AUTHORITY["EPSG","7019"]],AUTHORITY["EPSG","1168"]],PRIMEM["Greenwich",0],UNIT["Degree",0.0174532925199433],AXIS["Longitude",EAST],AXIS["Latitude",NORTH]] to EPSG:4326
2025-04-29 20:07:32 - root - INFO - Using database configuration from db_config.ini
2025-04-29 20:07:35 - app - WARNING - Skipping row 80 with None geometry
2025-04-29 20:07:35 - app - WARNING - Skipping row 81 with None geometry
2025-04-29 20:07:35 - app - INFO - Generated 80 valid GeoJSON features
2025-04-29 20:07:35 - app - INFO - GeoJSON serialized with 80 features
2025-04-29 20:07:35 - werkzeug - INFO - 127.0.0.1 - - [29/Apr/2025 20:07:35] "GET /builders-hub HTTP/1.1" 200 -
2025-04-29 20:07:35 - werkzeug - INFO - 127.0.0.1 - - [29/Apr/2025 20:07:35] "[36mGET /static/logo.png HTTP/1.1[0m" 304 -
2025-04-29 20:07:35 - werkzeug - INFO - 127.0.0.1 - - [29/Apr/2025 20:07:35] "[36mGET /static/js/lga_mapping.js HTTP/1.1[0m" 304 -
2025-04-29 20:07:40 - werkzeug - INFO - 127.0.0.1 - - [29/Apr/2025 20:07:40] "GET /builders-hub?lga_geojson=true HTTP/1.1" 200 -
2025-04-29 20:07:43 - app - INFO - Created or verified documents directory: /Users/afzalkhan/prop_intelv3/static/documents
2025-04-29 20:07:45 - werkzeug - INFO - 127.0.0.1 - - [29/Apr/2025 20:07:45] "GET /document-upload HTTP/1.1" 200 -
2025-04-29 20:07:45 - werkzeug - INFO - 127.0.0.1 - - [29/Apr/2025 20:07:45] "[36mGET /static/logo.png HTTP/1.1[0m" 304 -
2025-04-29 20:07:50 - werkzeug - INFO - 127.0.0.1 - - [29/Apr/2025 20:07:50] "GET /builders-hub?lga_geojson=true HTTP/1.1" 200 -
2025-04-29 20:07:54 - werkzeug - INFO - 127.0.0.1 - - [29/Apr/2025 20:07:54] "GET /builders-hub?lga_geojson=true HTTP/1.1" 200 -
2025-04-29 20:08:21 - app - INFO - Created or verified documents directory: /Users/afzalkhan/prop_intelv3/static/documents
2025-04-29 20:08:23 - app - ERROR - Error uploading document: module 'datetime' has no attribute 'now'
2025-04-29 20:08:23 - app - ERROR - Traceback (most recent call last):
  File "/Users/afzalkhan/prop_intelv3/app.py", line 3378, in document_upload
    new_filename = f"{timestamp}_{filename}"
                ^^^^^^^^^^^^
AttributeError: module 'datetime' has no attribute 'now'

2025-04-29 20:08:23 - werkzeug - INFO - 127.0.0.1 - - [29/Apr/2025 20:08:23] "POST /document-upload HTTP/1.1" 200 -
2025-04-29 20:08:23 - werkzeug - INFO - 127.0.0.1 - - [29/Apr/2025 20:08:23] "[36mGET /static/logo.png HTTP/1.1[0m" 304 -
2025-04-29 20:08:28 - werkzeug - INFO - 127.0.0.1 - - [29/Apr/2025 20:08:28] "GET /builders-hub?lga_geojson=true HTTP/1.1" 200 -
2025-04-29 20:20:40 - app - INFO - Created or verified documents directory: /Users/afzalkhan/prop_intelv3/static/documents
2025-04-29 20:20:42 - werkzeug - INFO - 127.0.0.1 - - [29/Apr/2025 20:20:42] "GET /document-upload HTTP/1.1" 200 -
2025-04-29 20:20:42 - werkzeug - INFO - 127.0.0.1 - - [29/Apr/2025 20:20:42] "[36mGET /static/logo.png HTTP/1.1[0m" 304 -
2025-04-29 20:20:47 - werkzeug - INFO - 127.0.0.1 - - [29/Apr/2025 20:20:47] "GET /builders-hub?lga_geojson=true HTTP/1.1" 200 -
2025-04-29 20:20:53 - werkzeug - INFO - 127.0.0.1 - - [29/Apr/2025 20:20:53] "GET /builders-hub?lga_geojson=true HTTP/1.1" 200 -
2025-04-29 20:21:08 - app - INFO - Created or verified documents directory: /Users/afzalkhan/prop_intelv3/static/documents
2025-04-29 20:21:10 - app - ERROR - Error uploading document: module 'datetime' has no attribute 'now'
2025-04-29 20:21:10 - app - ERROR - Traceback (most recent call last):
  File "/Users/afzalkhan/prop_intelv3/app.py", line 3378, in document_upload
    new_filename = f"{timestamp}_{filename}"
                ^^^^^^^^^^^^
AttributeError: module 'datetime' has no attribute 'now'

2025-04-29 20:21:10 - werkzeug - INFO - 127.0.0.1 - - [29/Apr/2025 20:21:10] "POST /document-upload HTTP/1.1" 200 -
2025-04-29 20:21:10 - werkzeug - INFO - 127.0.0.1 - - [29/Apr/2025 20:21:10] "[36mGET /static/logo.png HTTP/1.1[0m" 304 -
2025-04-29 20:21:23 - numexpr.utils - INFO - NumExpr defaulting to 8 threads.
2025-04-29 20:21:24 - root - INFO - Using database configuration from db_config.ini
2025-04-29 20:21:24 - werkzeug - INFO - [31m[1mWARNING: This is a development server. Do not use it in a production deployment. Use a production WSGI server instead.[0m
 * Running on http://127.0.0.1:5002
2025-04-29 20:21:24 - werkzeug - INFO - [33mPress CTRL+C to quit[0m
2025-04-29 20:21:28 - app - INFO - Created or verified documents directory: /Users/afzalkhan/prop_intelv3/static/documents
2025-04-29 20:21:31 - werkzeug - INFO - 127.0.0.1 - - [29/Apr/2025 20:21:31] "GET /document-upload HTTP/1.1" 200 -
2025-04-29 20:21:31 - werkzeug - INFO - 127.0.0.1 - - [29/Apr/2025 20:21:31] "[36mGET /static/logo.png HTTP/1.1[0m" 304 -
2025-04-29 20:21:35 - werkzeug - INFO - 127.0.0.1 - - [29/Apr/2025 20:21:35] "GET /builders-hub?lga_geojson=true HTTP/1.1" 200 -
2025-04-29 20:22:04 - app - ERROR - Exception on /analytics [GET]
Traceback (most recent call last):
  File "/Users/afzalkhan/prop_intelv3/analytics_dashboard.py", line 360, in get_analytics_data
    prev_period_start = datetime.now() - datetime.timedelta(days=date_range*2)
                                         ^^^^^^^^^^^^^^^^^^
AttributeError: type object 'datetime.datetime' has no attribute 'timedelta'

During handling of the above exception, another exception occurred:

Traceback (most recent call last):
  File "/opt/anaconda3/lib/python3.12/site-packages/flask/app.py", line 1473, in wsgi_app
    response = self.full_dispatch_request()
               ^^^^^^^^^^^^^^^^^^^^^^^^^^^^
  File "/opt/anaconda3/lib/python3.12/site-packages/flask/app.py", line 882, in full_dispatch_request
    rv = self.handle_user_exception(e)
         ^^^^^^^^^^^^^^^^^^^^^^^^^^^^^
  File "/opt/anaconda3/lib/python3.12/site-packages/flask/app.py", line 880, in full_dispatch_request
    rv = self.dispatch_request()
         ^^^^^^^^^^^^^^^^^^^^^^^
  File "/opt/anaconda3/lib/python3.12/site-packages/flask/app.py", line 865, in dispatch_request
    return self.ensure_sync(self.view_functions[rule.endpoint])(**view_args)  # type: ignore[no-any-return]
           ^^^^^^^^^^^^^^^^^^^^^^^^^^^^^^^^^^^^^^^^^^^^^^^^^^^^^^^^^^^^^^^^^
  File "/Users/afzalkhan/prop_intelv3/app.py", line 593, in decorated_function
    return f(*args, **kwargs)
           ^^^^^^^^^^^^^^^^^^
  File "/Users/afzalkhan/prop_intelv3/app.py", line 1960, in analytics
    return analytics_dashboard()
           ^^^^^^^^^^^^^^^^^^^^^
  File "/Users/afzalkhan/prop_intelv3/analytics_dashboard.py", line 1118, in analytics_dashboard
    data = get_analytics_data(property_id, date_range, category)
           ^^^^^^^^^^^^^^^^^^^^^^^^^^^^^^^^^^^^^^^^^^^^^^^^^^^^^
  File "/Users/afzalkhan/prop_intelv3/analytics_dashboard.py", line 451, in get_analytics_data
    return get_demo_data()
           ^^^^^^^^^^^^^^^
  File "/Users/afzalkhan/prop_intelv3/analytics_dashboard.py", line 994, in get_demo_data
    month_date = now - datetime.timedelta(days=30*(11-i))
                       ^^^^^^^^^^^^^^^^^^
AttributeError: type object 'datetime.datetime' has no attribute 'timedelta'
2025-04-29 20:22:04 - __main__ - ERROR - Internal server error: 500 Internal Server Error: The server encountered an internal error and was unable to complete your request. Either the server is overloaded or there is an error in the application.
Traceback (most recent call last):
  File "/Users/afzalkhan/prop_intelv3/analytics_dashboard.py", line 360, in get_analytics_data
    prev_period_start = datetime.now() - datetime.timedelta(days=date_range*2)
                                         ^^^^^^^^^^^^^^^^^^
AttributeError: type object 'datetime.datetime' has no attribute 'timedelta'

During handling of the above exception, another exception occurred:

Traceback (most recent call last):
  File "/opt/anaconda3/lib/python3.12/site-packages/flask/app.py", line 1473, in wsgi_app
    response = self.full_dispatch_request()
               ^^^^^^^^^^^^^^^^^^^^^^^^^^^^
  File "/opt/anaconda3/lib/python3.12/site-packages/flask/app.py", line 882, in full_dispatch_request
    rv = self.handle_user_exception(e)
         ^^^^^^^^^^^^^^^^^^^^^^^^^^^^^
  File "/opt/anaconda3/lib/python3.12/site-packages/flask/app.py", line 880, in full_dispatch_request
    rv = self.dispatch_request()
         ^^^^^^^^^^^^^^^^^^^^^^^
  File "/opt/anaconda3/lib/python3.12/site-packages/flask/app.py", line 865, in dispatch_request
    return self.ensure_sync(self.view_functions[rule.endpoint])(**view_args)  # type: ignore[no-any-return]
           ^^^^^^^^^^^^^^^^^^^^^^^^^^^^^^^^^^^^^^^^^^^^^^^^^^^^^^^^^^^^^^^^^
  File "/Users/afzalkhan/prop_intelv3/app.py", line 593, in decorated_function
    return f(*args, **kwargs)
           ^^^^^^^^^^^^^^^^^^
  File "/Users/afzalkhan/prop_intelv3/app.py", line 1960, in analytics
    return analytics_dashboard()
           ^^^^^^^^^^^^^^^^^^^^^
  File "/Users/afzalkhan/prop_intelv3/analytics_dashboard.py", line 1118, in analytics_dashboard
    data = get_analytics_data(property_id, date_range, category)
           ^^^^^^^^^^^^^^^^^^^^^^^^^^^^^^^^^^^^^^^^^^^^^^^^^^^^^
  File "/Users/afzalkhan/prop_intelv3/analytics_dashboard.py", line 451, in get_analytics_data
    return get_demo_data()
           ^^^^^^^^^^^^^^^
  File "/Users/afzalkhan/prop_intelv3/analytics_dashboard.py", line 994, in get_demo_data
    month_date = now - datetime.timedelta(days=30*(11-i))
                       ^^^^^^^^^^^^^^^^^^
AttributeError: type object 'datetime.datetime' has no attribute 'timedelta'
2025-04-29 20:22:04 - werkzeug - INFO - 127.0.0.1 - - [29/Apr/2025 20:22:04] "[35m[1mGET /analytics HTTP/1.1[0m" 500 -
2025-04-29 20:22:04 - werkzeug - INFO - 127.0.0.1 - - [29/Apr/2025 20:22:04] "[36mGET /static/logo.png HTTP/1.1[0m" 304 -
2025-04-29 20:22:07 - root - INFO - Using database configuration from db_config.ini
2025-04-29 20:22:10 - werkzeug - INFO - 127.0.0.1 - - [29/Apr/2025 20:22:10] "GET / HTTP/1.1" 200 -
2025-04-29 20:22:10 - werkzeug - INFO - 127.0.0.1 - - [29/Apr/2025 20:22:10] "[36mGET /static/logo.png HTTP/1.1[0m" 304 -
2025-04-29 20:22:10 - root - INFO - Using database configuration from db_config.ini
2025-04-29 20:22:12 - werkzeug - INFO - 127.0.0.1 - - [29/Apr/2025 20:22:12] "GET /api/properties HTTP/1.1" 200 -
2025-04-29 20:22:23 - app - INFO - Reading shapefile from /Users/afzalkhan/prop_intelv3/spatial/Vic_LGA.shp
2025-04-29 20:22:23 - app - INFO - Shapefile read successfully with 82 features
2025-04-29 20:22:23 - app - INFO - Converting from GEOGCS["GCS_GDA2020",DATUM["Geocentric_Datum_of_Australia_2020",SPHEROID["GRS 1980",6378137,298.257222101,AUTHORITY["EPSG","7019"]],AUTHORITY["EPSG","1168"]],PRIMEM["Greenwich",0],UNIT["Degree",0.0174532925199433],AXIS["Longitude",EAST],AXIS["Latitude",NORTH]] to EPSG:4326
2025-04-29 20:22:23 - root - INFO - Using database configuration from db_config.ini
2025-04-29 20:22:26 - app - WARNING - Skipping row 80 with None geometry
2025-04-29 20:22:26 - app - WARNING - Skipping row 81 with None geometry
2025-04-29 20:22:26 - app - INFO - Generated 80 valid GeoJSON features
2025-04-29 20:22:26 - app - INFO - GeoJSON serialized with 80 features
2025-04-29 20:22:26 - werkzeug - INFO - 127.0.0.1 - - [29/Apr/2025 20:22:26] "GET /builders-hub HTTP/1.1" 200 -
2025-04-29 20:22:26 - werkzeug - INFO - 127.0.0.1 - - [29/Apr/2025 20:22:26] "[36mGET /static/js/lga_mapping.js HTTP/1.1[0m" 304 -
2025-04-29 20:22:26 - werkzeug - INFO - 127.0.0.1 - - [29/Apr/2025 20:22:26] "[36mGET /static/logo.png HTTP/1.1[0m" 304 -
2025-04-29 20:40:27 - numexpr.utils - INFO - NumExpr defaulting to 8 threads.
2025-04-29 20:40:28 - werkzeug - INFO - [31m[1mWARNING: This is a development server. Do not use it in a production deployment. Use a production WSGI server instead.[0m
 * Running on http://127.0.0.1:5002
2025-04-29 20:40:28 - werkzeug - INFO - [33mPress CTRL+C to quit[0m
2025-04-29 20:40:38 - app - INFO - Reading shapefile from /Users/afzalkhan/prop_intelv3/spatial/Vic_LGA.shp
2025-04-29 20:40:38 - app - INFO - Shapefile read successfully with 82 features
2025-04-29 20:40:38 - app - INFO - Converting from GEOGCS["GCS_GDA2020",DATUM["Geocentric_Datum_of_Australia_2020",SPHEROID["GRS 1980",6378137,298.257222101,AUTHORITY["EPSG","7019"]],AUTHORITY["EPSG","1168"]],PRIMEM["Greenwich",0],UNIT["Degree",0.0174532925199433],AXIS["Longitude",EAST],AXIS["Latitude",NORTH]] to EPSG:4326
2025-04-29 20:40:38 - app - ERROR - Error retrieving document counts: module 'property_data_extractor' has no attribute 'get_db_config'
2025-04-29 20:40:38 - app - ERROR - Error reading shapefile: cannot access local variable 'conn' where it is not associated with a value
2025-04-29 20:40:38 - app - INFO - GeoJSON serialized with 1 features
2025-04-29 20:40:38 - werkzeug - INFO - 127.0.0.1 - - [29/Apr/2025 20:40:38] "GET /builders-hub HTTP/1.1" 200 -
2025-04-29 20:40:38 - werkzeug - INFO - 127.0.0.1 - - [29/Apr/2025 20:40:38] "[36mGET /static/logo.png HTTP/1.1[0m" 304 -
2025-04-29 20:40:38 - werkzeug - INFO - 127.0.0.1 - - [29/Apr/2025 20:40:38] "[36mGET /static/js/lga_mapping.js HTTP/1.1[0m" 304 -
2025-04-29 20:40:43 - werkzeug - INFO - 127.0.0.1 - - [29/Apr/2025 20:40:43] "GET /builders-hub?lga_geojson=true HTTP/1.1" 200 -
2025-04-29 20:40:59 - werkzeug - INFO - 127.0.0.1 - - [29/Apr/2025 20:40:59] "GET /analytics HTTP/1.1" 200 -
2025-04-29 20:40:59 - werkzeug - INFO - 127.0.0.1 - - [29/Apr/2025 20:40:59] "[36mGET /static/logo.png HTTP/1.1[0m" 304 -
2025-04-29 20:41:21 - app - INFO - Reading shapefile from /Users/afzalkhan/prop_intelv3/spatial/Vic_LGA.shp
2025-04-29 20:41:21 - app - INFO - Shapefile read successfully with 82 features
2025-04-29 20:41:21 - app - INFO - Converting from GEOGCS["GCS_GDA2020",DATUM["Geocentric_Datum_of_Australia_2020",SPHEROID["GRS 1980",6378137,298.257222101,AUTHORITY["EPSG","7019"]],AUTHORITY["EPSG","1168"]],PRIMEM["Greenwich",0],UNIT["Degree",0.0174532925199433],AXIS["Longitude",EAST],AXIS["Latitude",NORTH]] to EPSG:4326
2025-04-29 20:41:22 - app - ERROR - Error retrieving document counts: module 'property_data_extractor' has no attribute 'get_db_config'
2025-04-29 20:41:22 - app - ERROR - Error reading shapefile: cannot access local variable 'conn' where it is not associated with a value
2025-04-29 20:41:22 - app - INFO - GeoJSON serialized with 1 features
2025-04-29 20:41:22 - werkzeug - INFO - 127.0.0.1 - - [29/Apr/2025 20:41:22] "GET /builders-hub HTTP/1.1" 200 -
2025-04-29 20:41:22 - werkzeug - INFO - 127.0.0.1 - - [29/Apr/2025 20:41:22] "[36mGET /static/logo.png HTTP/1.1[0m" 304 -
2025-04-29 20:41:22 - werkzeug - INFO - 127.0.0.1 - - [29/Apr/2025 20:41:22] "[36mGET /static/js/lga_mapping.js HTTP/1.1[0m" 304 -
2025-04-29 20:41:27 - werkzeug - INFO - 127.0.0.1 - - [29/Apr/2025 20:41:27] "GET /builders-hub?lga_geojson=true HTTP/1.1" 200 -
2025-04-29 20:41:37 - app - INFO - Created or verified documents directory: /Users/afzalkhan/prop_intelv3/static/documents
2025-04-29 20:41:39 - werkzeug - INFO - 127.0.0.1 - - [29/Apr/2025 20:41:39] "GET /document-upload HTTP/1.1" 200 -
2025-04-29 20:41:39 - werkzeug - INFO - 127.0.0.1 - - [29/Apr/2025 20:41:39] "[36mGET /static/logo.png HTTP/1.1[0m" 304 -
2025-04-29 20:41:44 - werkzeug - INFO - 127.0.0.1 - - [29/Apr/2025 20:41:44] "GET /builders-hub?lga_geojson=true HTTP/1.1" 200 -
2025-04-29 20:41:49 - werkzeug - INFO - 127.0.0.1 - - [29/Apr/2025 20:41:49] "GET /builders-hub?lga_geojson=true HTTP/1.1" 200 -
2025-04-29 20:41:53 - app - INFO - Created or verified documents directory: /Users/afzalkhan/prop_intelv3/static/documents
2025-04-29 20:41:56 - app - ERROR - Error uploading document: module 'property_data_extractor' has no attribute 'get_db_config'
2025-04-29 20:41:56 - app - ERROR - Traceback (most recent call last):
  File "/Users/afzalkhan/prop_intelv3/app.py", line 3389, in document_upload
    conn = get_db_connection()
           ^^^^^^^^^^^^^^^^^^^
  File "/Users/afzalkhan/prop_intelv3/app.py", line 664, in get_db_connection
    params = extractor.get_db_config()
             ^^^^^^^^^^^^^^^^^^^^^^^
AttributeError: module 'property_data_extractor' has no attribute 'get_db_config'

2025-04-29 20:41:56 - werkzeug - INFO - 127.0.0.1 - - [29/Apr/2025 20:41:56] "POST /document-upload HTTP/1.1" 200 -
2025-04-29 20:41:56 - werkzeug - INFO - 127.0.0.1 - - [29/Apr/2025 20:41:56] "[36mGET /static/logo.png HTTP/1.1[0m" 304 -
2025-04-29 20:42:00 - werkzeug - INFO - 127.0.0.1 - - [29/Apr/2025 20:42:00] "GET /builders-hub?lga_geojson=true HTTP/1.1" 200 -
2025-04-29 20:49:16 - numexpr.utils - INFO - NumExpr defaulting to 8 threads.
2025-04-29 20:49:17 - werkzeug - INFO - [31m[1mWARNING: This is a development server. Do not use it in a production deployment. Use a production WSGI server instead.[0m
 * Running on http://127.0.0.1:5002
2025-04-29 20:49:17 - werkzeug - INFO - [33mPress CTRL+C to quit[0m
2025-04-29 20:49:28 - app - INFO - Created or verified documents directory: /Users/afzalkhan/prop_intelv3/static/documents
2025-04-29 20:49:31 - werkzeug - INFO - 127.0.0.1 - - [29/Apr/2025 20:49:31] "GET /document-upload HTTP/1.1" 200 -
2025-04-29 20:49:31 - werkzeug - INFO - 127.0.0.1 - - [29/Apr/2025 20:49:31] "[36mGET /static/logo.png HTTP/1.1[0m" 304 -
2025-04-29 20:49:35 - werkzeug - INFO - 127.0.0.1 - - [29/Apr/2025 20:49:35] "GET /builders-hub?lga_geojson=true HTTP/1.1" 200 -
2025-04-29 20:49:41 - werkzeug - INFO - 127.0.0.1 - - [29/Apr/2025 20:49:41] "GET /builders-hub?lga_geojson=true HTTP/1.1" 200 -
2025-04-29 20:49:52 - app - INFO - Created or verified documents directory: /Users/afzalkhan/prop_intelv3/static/documents
2025-04-29 20:49:57 - werkzeug - INFO - 127.0.0.1 - - [29/Apr/2025 20:49:57] "[32mPOST /document-upload HTTP/1.1[0m" 302 -
2025-04-29 20:50:04 - app - INFO - Reading shapefile from /Users/afzalkhan/prop_intelv3/spatial/Vic_LGA.shp
2025-04-29 20:50:04 - app - INFO - Shapefile read successfully with 82 features
2025-04-29 20:50:04 - app - INFO - Converting from GEOGCS["GCS_GDA2020",DATUM["Geocentric_Datum_of_Australia_2020",SPHEROID["GRS 1980",6378137,298.257222101,AUTHORITY["EPSG","7019"]],AUTHORITY["EPSG","1168"]],PRIMEM["Greenwich",0],UNIT["Degree",0.0174532925199433],AXIS["Longitude",EAST],AXIS["Latitude",NORTH]] to EPSG:4326
2025-04-29 20:50:07 - app - WARNING - Skipping row 80 with None geometry
2025-04-29 20:50:07 - app - WARNING - Skipping row 81 with None geometry
2025-04-29 20:50:07 - app - INFO - Generated 80 valid GeoJSON features
2025-04-29 20:50:07 - app - INFO - GeoJSON serialized with 80 features
2025-04-29 20:50:07 - werkzeug - INFO - 127.0.0.1 - - [29/Apr/2025 20:50:07] "GET /builders-hub HTTP/1.1" 200 -
2025-04-29 20:50:07 - werkzeug - INFO - 127.0.0.1 - - [29/Apr/2025 20:50:07] "[36mGET /static/logo.png HTTP/1.1[0m" 304 -
2025-04-29 20:50:07 - werkzeug - INFO - 127.0.0.1 - - [29/Apr/2025 20:50:07] "[36mGET /static/js/lga_mapping.js HTTP/1.1[0m" 304 -
2025-04-29 20:50:13 - werkzeug - INFO - 127.0.0.1 - - [29/Apr/2025 20:50:13] "GET /builders-hub?lga_geojson=true HTTP/1.1" 200 -
2025-04-29 20:51:41 - app - INFO - Constructing full path for: 20250429204955_document.pdf
2025-04-29 20:51:41 - app - INFO - Serving document: /Users/afzalkhan/prop_intelv3/static/documents/20250429204955_document.pdf
2025-04-29 20:51:41 - werkzeug - INFO - 127.0.0.1 - - [29/Apr/2025 20:51:41] "GET /download-document-file?id=34 HTTP/1.1" 200 -
2025-04-29 20:53:14 - werkzeug - INFO - 127.0.0.1 - - [29/Apr/2025 20:53:14] "GET / HTTP/1.1" 200 -
2025-04-29 20:53:14 - werkzeug - INFO - 127.0.0.1 - - [29/Apr/2025 20:53:14] "[36mGET /static/logo.png HTTP/1.1[0m" 304 -
2025-04-29 20:53:17 - werkzeug - INFO - 127.0.0.1 - - [29/Apr/2025 20:53:17] "GET /api/properties HTTP/1.1" 200 -
2025-04-29 20:53:30 - werkzeug - INFO - 127.0.0.1 - - [29/Apr/2025 20:53:30] "GET /properties HTTP/1.1" 200 -
2025-04-29 20:53:30 - werkzeug - INFO - 127.0.0.1 - - [29/Apr/2025 20:53:30] "[36mGET /static/logo.png HTTP/1.1[0m" 304 -
2025-04-29 20:53:34 - __main__ - INFO - Found 12 real properties with coordinates
2025-04-29 20:53:34 - werkzeug - INFO - 127.0.0.1 - - [29/Apr/2025 20:53:34] "GET /map HTTP/1.1" 200 -
2025-04-29 20:53:34 - werkzeug - INFO - 127.0.0.1 - - [29/Apr/2025 20:53:34] "[36mGET /static/logo.png HTTP/1.1[0m" 304 -
2025-04-29 20:53:34 - werkzeug - INFO - 127.0.0.1 - - [29/Apr/2025 20:53:34] "[36mGET /static/js/lga_mapping.js HTTP/1.1[0m" 304 -
2025-04-29 20:53:39 - werkzeug - INFO - 127.0.0.1 - - [29/Apr/2025 20:53:39] "[33mGET /api/work-heatmap-data HTTP/1.1[0m" 404 -
2025-04-29 20:53:47 - werkzeug - INFO - 127.0.0.1 - - [29/Apr/2025 20:53:47] "[33mGET /api/work-heatmap-data HTTP/1.1[0m" 404 -
2025-04-29 20:53:53 - werkzeug - INFO - 127.0.0.1 - - [29/Apr/2025 20:53:53] "GET /builders-hub?lga_geojson=true HTTP/1.1" 200 -
2025-04-29 20:54:00 - werkzeug - INFO - 127.0.0.1 - - [29/Apr/2025 20:54:00] "[33mGET /api/work-heatmap-data HTTP/1.1[0m" 404 -
2025-04-29 20:54:28 - werkzeug - INFO - 127.0.0.1 - - [29/Apr/2025 20:54:28] "[33mGET /api/work-heatmap-data HTTP/1.1[0m" 404 -
2025-04-29 20:54:44 - werkzeug - INFO - 127.0.0.1 - - [29/Apr/2025 20:54:44] "GET /analytics HTTP/1.1" 200 -
2025-04-29 20:54:44 - werkzeug - INFO - 127.0.0.1 - - [29/Apr/2025 20:54:44] "[36mGET /static/logo.png HTTP/1.1[0m" 304 -
2025-04-29 20:55:30 - werkzeug - INFO - 127.0.0.1 - - [29/Apr/2025 20:55:30] "GET /admin/users HTTP/1.1" 200 -
2025-04-29 20:55:30 - werkzeug - INFO - 127.0.0.1 - - [29/Apr/2025 20:55:30] "[36mGET /static/logo.png HTTP/1.1[0m" 304 -
2025-04-29 20:55:37 - app - INFO - Reading shapefile from /Users/afzalkhan/prop_intelv3/spatial/Vic_LGA.shp
2025-04-29 20:55:37 - app - INFO - Shapefile read successfully with 82 features
2025-04-29 20:55:37 - app - INFO - Converting from GEOGCS["GCS_GDA2020",DATUM["Geocentric_Datum_of_Australia_2020",SPHEROID["GRS 1980",6378137,298.257222101,AUTHORITY["EPSG","7019"]],AUTHORITY["EPSG","1168"]],PRIMEM["Greenwich",0],UNIT["Degree",0.0174532925199433],AXIS["Longitude",EAST],AXIS["Latitude",NORTH]] to EPSG:4326
2025-04-29 20:55:40 - app - WARNING - Skipping row 80 with None geometry
2025-04-29 20:55:40 - app - WARNING - Skipping row 81 with None geometry
2025-04-29 20:55:40 - app - INFO - Generated 80 valid GeoJSON features
2025-04-29 20:55:40 - app - INFO - GeoJSON serialized with 80 features
2025-04-29 20:55:40 - werkzeug - INFO - 127.0.0.1 - - [29/Apr/2025 20:55:40] "GET /builders-hub HTTP/1.1" 200 -
2025-04-29 20:55:40 - werkzeug - INFO - 127.0.0.1 - - [29/Apr/2025 20:55:40] "[36mGET /static/logo.png HTTP/1.1[0m" 304 -
2025-04-29 20:55:40 - werkzeug - INFO - 127.0.0.1 - - [29/Apr/2025 20:55:40] "[36mGET /static/js/lga_mapping.js HTTP/1.1[0m" 304 -
2025-04-29 20:55:45 - werkzeug - INFO - 127.0.0.1 - - [29/Apr/2025 20:55:45] "GET /builders-hub?lga_geojson=true HTTP/1.1" 200 -
2025-04-29 20:55:57 - werkzeug - INFO - 127.0.0.1 - - [29/Apr/2025 20:55:57] "GET /about HTTP/1.1" 200 -
2025-04-29 20:55:57 - werkzeug - INFO - 127.0.0.1 - - [29/Apr/2025 20:55:57] "[36mGET /static/logo.png HTTP/1.1[0m" 304 -
2025-04-29 20:59:50 - werkzeug - INFO - 127.0.0.1 - - [29/Apr/2025 20:59:50] "GET /properties HTTP/1.1" 200 -
2025-04-29 20:59:50 - werkzeug - INFO - 127.0.0.1 - - [29/Apr/2025 20:59:50] "[36mGET /static/logo.png HTTP/1.1[0m" 304 -
2025-04-29 21:02:30 - __main__ - INFO - Found 12 real properties with coordinates
2025-04-29 21:02:30 - werkzeug - INFO - 127.0.0.1 - - [29/Apr/2025 21:02:30] "GET /map HTTP/1.1" 200 -
2025-04-29 21:02:30 - werkzeug - INFO - 127.0.0.1 - - [29/Apr/2025 21:02:30] "[36mGET /static/js/lga_mapping.js HTTP/1.1[0m" 304 -
2025-04-29 21:02:30 - werkzeug - INFO - 127.0.0.1 - - [29/Apr/2025 21:02:30] "[36mGET /static/logo.png HTTP/1.1[0m" 304 -
2025-04-29 21:02:53 - werkzeug - INFO - 127.0.0.1 - - [29/Apr/2025 21:02:53] "GET /property/2 HTTP/1.1" 200 -
2025-04-29 21:02:53 - werkzeug - INFO - 127.0.0.1 - - [29/Apr/2025 21:02:53] "[36mGET /static/logo.png HTTP/1.1[0m" 304 -
2025-04-29 21:02:53 - werkzeug - INFO - 127.0.0.1 - - [29/Apr/2025 21:02:53] "[36mGET /static/images/property-placeholder.jpg HTTP/1.1[0m" 304 -
2025-04-29 21:04:38 - werkzeug - INFO - 127.0.0.1 - - [29/Apr/2025 21:04:38] "GET / HTTP/1.1" 200 -
2025-04-29 21:04:38 - werkzeug - INFO - 127.0.0.1 - - [29/Apr/2025 21:04:38] "[36mGET /static/logo.png HTTP/1.1[0m" 304 -
2025-04-29 21:04:40 - werkzeug - INFO - 127.0.0.1 - - [29/Apr/2025 21:04:40] "GET /api/properties HTTP/1.1" 200 -
2025-04-29 21:05:03 - app - INFO - Reading shapefile from /Users/afzalkhan/prop_intelv3/spatial/Vic_LGA.shp
2025-04-29 21:05:03 - app - INFO - Shapefile read successfully with 82 features
2025-04-29 21:05:03 - app - INFO - Converting from GEOGCS["GCS_GDA2020",DATUM["Geocentric_Datum_of_Australia_2020",SPHEROID["GRS 1980",6378137,298.257222101,AUTHORITY["EPSG","7019"]],AUTHORITY["EPSG","1168"]],PRIMEM["Greenwich",0],UNIT["Degree",0.0174532925199433],AXIS["Longitude",EAST],AXIS["Latitude",NORTH]] to EPSG:4326
2025-04-29 21:05:06 - app - WARNING - Skipping row 80 with None geometry
2025-04-29 21:05:06 - app - WARNING - Skipping row 81 with None geometry
2025-04-29 21:05:06 - app - INFO - Generated 80 valid GeoJSON features
2025-04-29 21:05:06 - app - INFO - GeoJSON serialized with 80 features
2025-04-29 21:05:06 - werkzeug - INFO - 127.0.0.1 - - [29/Apr/2025 21:05:06] "GET /builders-hub HTTP/1.1" 200 -
2025-04-29 21:05:06 - werkzeug - INFO - 127.0.0.1 - - [29/Apr/2025 21:05:06] "[36mGET /static/js/lga_mapping.js HTTP/1.1[0m" 304 -
2025-04-29 21:05:06 - werkzeug - INFO - 127.0.0.1 - - [29/Apr/2025 21:05:06] "[36mGET /static/logo.png HTTP/1.1[0m" 304 -
2025-04-29 21:05:12 - werkzeug - INFO - 127.0.0.1 - - [29/Apr/2025 21:05:12] "GET /builders-hub?lga_geojson=true HTTP/1.1" 200 -
2025-04-29 21:05:31 - werkzeug - INFO - 127.0.0.1 - - [29/Apr/2025 21:05:31] "GET /api/document-locations?lga_id=30 HTTP/1.1" 200 -
